[debug] [2022-01-23T20:44:03.860Z] ----------------------------------------------------------------------
[debug] [2022-01-23T20:44:03.864Z] Command:       C:\Program Files\nodejs\node.exe C:\Users\jorge\AppData\Roaming\npm\node_modules\firebase-tools\lib\bin\firebase.js init
[debug] [2022-01-23T20:44:03.864Z] CLI Version:   10.1.0
[debug] [2022-01-23T20:44:03.865Z] Platform:      win32
[debug] [2022-01-23T20:44:03.865Z] Node Version:  v14.18.1
[debug] [2022-01-23T20:44:03.866Z] Time:          Sun Jan 23 2022 15:44:03 GMT-0500 (hora estándar de Colombia)
[debug] [2022-01-23T20:44:03.867Z] ----------------------------------------------------------------------
[debug] 
[debug] [2022-01-23T20:44:03.882Z] > command requires scopes: ["email","openid","https://www.googleapis.com/auth/cloudplatformprojects.readonly","https://www.googleapis.com/auth/firebase","https://www.googleapis.com/auth/cloud-platform"]
[debug] [2022-01-23T20:44:03.882Z] > authorizing via signed-in user (jorgedavid23diaz@gmail.com)
[info] 
     ######## #### ########  ######## ########     ###     ######  ########
     ##        ##  ##     ## ##       ##     ##  ##   ##  ##       ##
     ######    ##  ########  ######   ########  #########  ######  ######
     ##        ##  ##    ##  ##       ##     ## ##     ##       ## ##
     ##       #### ##     ## ######## ########  ##     ##  ######  ########

You're about to initialize a Firebase project in this directory:

  C:\Users\jorge\Desktop\Academia_Geek\examen

[info] 
=== Project Setup
[info] 
[info] First, let's associate this project directory with a Firebase project.
[info] You can create multiple project aliases by running firebase use --add, 
[info] but for now we'll just set up a default project.
[info] 
